-------------------------------------------------------------------------------
Test set: com.harshit.controller.TimelineControllerTest
-------------------------------------------------------------------------------
Tests run: 2, Failures: 1, Errors: 0, Skipped: 0, Time elapsed: 3.304 s <<< FAILURE! - in com.harshit.controller.TimelineControllerTest
shouldReturnListOfTimelinePosts  Time elapsed: 0.024 s  <<< FAILURE!
java.lang.AssertionError: Status expected:<200> but was:<500>
	at com.harshit.controller.TimelineControllerTest.shouldReturnListOfTimelinePosts(TimelineControllerTest.java:72)

