-------------------------------------------------------------------------------
Test set: com.harshit.controller.UserControllerIntegrationTest
-------------------------------------------------------------------------------
Tests run: 19, Failures: 1, Errors: 0, Skipped: 1, Time elapsed: 21.053 s <<< FAILURE! - in com.harshit.controller.UserControllerIntegrationTest
updateUserEmail  Time elapsed: 7.856 s  <<< FAILURE!
java.lang.AssertionError: Status expected:<200> but was:<500>
	at com.harshit.controller.UserControllerIntegrationTest.updateUserEmail(UserControllerIntegrationTest.java:169)

