-------------------------------------------------------------------------------
Test set: com.harshit.controller.TimelineControllerIntegrationTest
-------------------------------------------------------------------------------
Tests run: 2, Failures: 1, Errors: 0, Skipped: 0, Time elapsed: 0.656 s <<< FAILURE! - in com.harshit.controller.TimelineControllerIntegrationTest
getTimelinePosts  Time elapsed: 0.31 s  <<< FAILURE!
java.lang.AssertionError: Status expected:<200> but was:<500>
	at com.harshit.controller.TimelineControllerIntegrationTest.getTimelinePosts(TimelineControllerIntegrationTest.java:86)

