<?xml version="1.0" encoding="UTF-8"?>
<testsuite xmlns:xsi="http://www.w3.org/2001/XMLSchema-instance" xsi:noNamespaceSchemaLocation="https://maven.apache.org/surefire/maven-surefire-plugin/xsd/surefire-test-report.xsd" name="com.harshit.controller.PostControllerIntegrationTest" time="8.612" tests="20" errors="0" skipped="0" failures="2">
  <properties>
[...]
</properties>
  <testcase name="getPostsByTag" classname="com.harshit.controller.PostControllerIntegrationTest" time="1.043">
    <failure message="Status expected:&lt;200&gt; but was:&lt;500&gt;" type="java.lang.AssertionError"><![CDATA[java.lang.AssertionError: Status expected:<200> but was:<500>
	at com.harshit.controller.PostControllerIntegrationTest.getPostsByTag(PostControllerIntegrationTest.java:466)
]]></failure>
    <system-out><![CDATA[2022-09-01 23:06:18.272  INFO 176303 --- [           main] .b.t.c.SpringBootTestContextBootstrapper : Neither @ContextConfiguration nor @ContextHierarchy found for test class [com.harshit.controller.PostControllerIntegrationTest], using SpringBootContextLoader
2022-09-01 23:06:18.280  INFO 176303 --- [           main] o.s.t.c.support.AbstractContextLoader    : Could not detect default resource locations for test class [com.harshit.controller.PostControllerIntegrationTest]: no resource found for suffixes {-context.xml, Context.groovy}.
2022-09-01 23:06:18.282  INFO 176303 --- [           main] t.c.s.AnnotationConfigContextLoaderUtils : Could not detect default configuration classes for test class [com.harshit.controller.PostControllerIntegrationTest]: PostControllerIntegrationTest does not declare any static, non-private, non-final, nested classes annotated with @Configuration.
2022-09-01 23:06:18.297  INFO 176303 --- [           main] .b.t.c.SpringBootTestContextBootstrapper : Found @SpringBootConfiguration com.harshit.CcfApplication for test class com.harshit.controller.PostControllerIntegrationTest
2022-09-01 23:06:18.306  INFO 176303 --- [           main] .b.t.c.SpringBootTestContextBootstrapper : Loaded default TestExecutionListener class names from location [META-INF/spring.factories]: [org.springframework.boot.test.mock.mockito.MockitoTestExecutionListener, org.springframework.boot.test.mock.mockito.ResetMocksTestExecutionListener, org.springframework.boot.test.autoconfigure.restdocs.RestDocsTestExecutionListener, org.springframework.boot.test.autoconfigure.web.client.MockRestServiceServerResetTestExecutionListener, org.springframework.boot.test.autoconfigure.web.servlet.MockMvcPrintOnlyOnFailureTestExecutionListener, org.springframework.boot.test.autoconfigure.web.servlet.WebDriverTestExecutionListener, org.springframework.boot.test.autoconfigure.webservices.client.MockWebServiceServerTestExecutionListener, org.springframework.test.context.web.ServletTestExecutionListener, org.springframework.test.context.support.DirtiesContextBeforeModesTestExecutionListener, org.springframework.test.context.event.ApplicationEventsTestExecutionListener, org.springframework.test.context.support.DependencyInjectionTestExecutionListener, org.springframework.test.context.support.DirtiesContextTestExecutionListener, org.springframework.test.context.transaction.TransactionalTestExecutionListener, org.springframework.test.context.jdbc.SqlScriptsTestExecutionListener, org.springframework.test.context.event.EventPublishingTestExecutionListener, org.springframework.security.test.context.support.WithSecurityContextTestExecutionListener, org.springframework.security.test.context.support.ReactorContextTestExecutionListener]
2022-09-01 23:06:18.312  INFO 176303 --- [           main] .b.t.c.SpringBootTestContextBootstrapper : Using TestExecutionListeners: [org.springframework.test.context.web.ServletTestExecutionListener@640c8cd, org.springframework.test.context.support.DirtiesContextBeforeModesTestExecutionListener@1e0d70db, org.springframework.test.context.event.ApplicationEventsTestExecutionListener@38950d4b, org.springframework.boot.test.mock.mockito.MockitoTestExecutionListener@32fa7ff0, org.springframework.boot.test.autoconfigure.SpringBootDependencyInjectionTestExecutionListener@32fccfc2, org.springframework.test.context.support.DirtiesContextTestExecutionListener@4702faee, org.springframework.test.context.transaction.TransactionalTestExecutionListener@576d4810, org.springframework.test.context.jdbc.SqlScriptsTestExecutionListener@3609b8f2, org.springframework.test.context.event.EventPublishingTestExecutionListener@62dfe32e, org.springframework.security.test.context.support.WithSecurityContextTestExecutionListener@32dab011, org.springframework.security.test.context.support.ReactorContextTestExecutionListener@fca4392, org.springframework.boot.test.mock.mockito.ResetMocksTestExecutionListener@747fb4b1, org.springframework.boot.test.autoconfigure.restdocs.RestDocsTestExecutionListener@6924ff83, org.springframework.boot.test.autoconfigure.web.client.MockRestServiceServerResetTestExecutionListener@e19908e, org.springframework.boot.test.autoconfigure.web.servlet.MockMvcPrintOnlyOnFailureTestExecutionListener@5312940c, org.springframework.boot.test.autoconfigure.web.servlet.WebDriverTestExecutionListener@5ac168e3, org.springframework.boot.test.autoconfigure.webservices.client.MockWebServiceServerTestExecutionListener@14574cdf]

MockHttpServletRequest:
      HTTP Method = GET
      Request URI = /api/v1/posts/tags/TagOne
       Parameters = {page=[1], size=[5]}
          Headers = []
             Body = null
    Session Attrs = {}

Handler:
             Type = com.harshit.controller.PostController
           Method = com.harshit.controller.PostController#getPostsByTag(String, Integer, Integer, Boolean)

Async:
    Async started = false
     Async result = null

Resolved Exception:
             Type = org.springframework.web.bind.MissingServletRequestParameterException

ModelAndView:
        View name = null
             View = null
            Model = null

FlashMap:
       Attributes = null

MockHttpServletResponse:
           Status = 500
    Error message = null
          Headers = [Vary:"Origin", "Access-Control-Request-Method", "Access-Control-Request-Headers", Content-Type:"application/json", X-Content-Type-Options:"nosniff", X-XSS-Protection:"1; mode=block", Cache-Control:"no-cache, no-store, max-age=0, must-revalidate", Pragma:"no-cache", Expires:"0", X-Frame-Options:"DENY"]
     Content type = application/json
             Body = {"statusCode":500,"status":"INTERNAL_SERVER_ERROR","reason":"Internal Server Error","message":"An error occurred while processing your request.","timestamp":"09-01-2022 11:36:19","validationErrors":null}
    Forwarded URL = null
   Redirected URL = null
          Cookies = []
]]></system-out>
  </testcase>
  <testcase name="createPostComment" classname="com.harshit.controller.PostControllerIntegrationTest" time="0.687"/>
  <testcase name="getCommentLikeList" classname="com.harshit.controller.PostControllerIntegrationTest" time="0.518"/>
  <testcase name="unlikePost" classname="com.harshit.controller.PostControllerIntegrationTest" time="0.376"/>
  <testcase name="deletePostPhoto" classname="com.harshit.controller.PostControllerIntegrationTest" time="0.404"/>
  <testcase name="deletePostShare" classname="com.harshit.controller.PostControllerIntegrationTest" time="0.442">
    <failure message="&#10;expected: null&#10; but was: com.harshit.entity.User@517c84fa" type="org.opentest4j.AssertionFailedError">org.opentest4j.AssertionFailedError: 

expected: null
 but was: com.harshit.entity.User@517c84fa
	at com.harshit.controller.PostControllerIntegrationTest.deletePostShare(PostControllerIntegrationTest.java:451)
</failure>
    <system-out><![CDATA[
MockHttpServletRequest:
      HTTP Method = POST
      Request URI = /api/v1/posts/13/share/delete
       Parameters = {}
          Headers = []
             Body = null
    Session Attrs = {}

Handler:
             Type = com.harshit.controller.PostController
           Method = com.harshit.controller.PostController#deletePostShare(Long)

Async:
    Async started = false
     Async result = null

Resolved Exception:
             Type = null

ModelAndView:
        View name = null
             View = null
            Model = null

FlashMap:
       Attributes = null

MockHttpServletResponse:
           Status = 200
    Error message = null
          Headers = [Vary:"Origin", "Access-Control-Request-Method", "Access-Control-Request-Headers", X-Content-Type-Options:"nosniff", X-XSS-Protection:"1; mode=block", Cache-Control:"no-cache, no-store, max-age=0, must-revalidate", Pragma:"no-cache", Expires:"0", X-Frame-Options:"DENY"]
     Content type = null
             Body = 
    Forwarded URL = null
   Redirected URL = null
          Cookies = []
]]></system-out>
  </testcase>
  <testcase name="getPostById" classname="com.harshit.controller.PostControllerIntegrationTest" time="0.368"/>
  <testcase name="updatePostShare" classname="com.harshit.controller.PostControllerIntegrationTest" time="0.402"/>
  <testcase name="unlikePostComment" classname="com.harshit.controller.PostControllerIntegrationTest" time="0.372"/>
  <testcase name="updatePost" classname="com.harshit.controller.PostControllerIntegrationTest" time="0.449"/>
  <testcase name="createNewPost" classname="com.harshit.controller.PostControllerIntegrationTest" time="0.373"/>
  <testcase name="likePostComment" classname="com.harshit.controller.PostControllerIntegrationTest" time="0.342"/>
  <testcase name="updatePostComment" classname="com.harshit.controller.PostControllerIntegrationTest" time="0.32"/>
  <testcase name="getPostComments" classname="com.harshit.controller.PostControllerIntegrationTest" time="0.342"/>
  <testcase name="createPostShare" classname="com.harshit.controller.PostControllerIntegrationTest" time="0.327"/>
  <testcase name="likePost" classname="com.harshit.controller.PostControllerIntegrationTest" time="0.322"/>
  <testcase name="getPostShares" classname="com.harshit.controller.PostControllerIntegrationTest" time="0.327"/>
  <testcase name="deletePostComment" classname="com.harshit.controller.PostControllerIntegrationTest" time="0.377"/>
  <testcase name="deletePost" classname="com.harshit.controller.PostControllerIntegrationTest" time="0.335"/>
  <testcase name="getPostLikes" classname="com.harshit.controller.PostControllerIntegrationTest" time="0.377"/>
</testsuite>